<?xml version="1.0" encoding="UTF-8"?>
<testsuites name="jest tests" tests="2" failures="0" errors="0" time="1.838">
  <testsuite name="Pages/Hello" errors="0" failures="0" skipped="0" timestamp="2024-07-29T00:25:13" time="1.318" tests="2">
    <testcase classname="Pages/Hello Default play-test" name="Pages/Hello Default play-test" time="0.071">
    </testcase>
    <testcase classname="Pages/Hello Click play-test" name="Pages/Hello Click play-test" time="0.043">
    </testcase>
  </testsuite>
</testsuites>